<?xml version="1.0" encoding="UTF-8"?>
<!-- Generated by org.testng.reporters.JUnitXMLReporter -->
<testsuite ignored="0" hostname="LAPTOP-88OL1HSR" failures="0" tests="6" name="Surefire test" time="37.281" errors="0" timestamp="2024-03-17T17:18:24 IST">
  <testcase classname="automation.Test.ErrorValidationsTest" name="loginErrorValidation" time="0.444"/>
  <testcase classname="automation.Test.ErrorValidationsTest" name="productErrorValidations" time="2.139"/>
  <testcase classname="automation.Test.SubmitOrderTest" name="submitOrder" time="3.273"/>
  <testcase classname="automation.Test.SubmitOrderTest" name="submitOrder" time="3.214"/>
  <testcase classname="automation.Test.SubmitOrderTest" name="orderHistoryTest" time="0.855"/>
  <testcase classname="io.cucumber.testng.AbstractTestNGCucumberTests" name="runScenario" time="4.297"/>
</testsuite> <!-- Surefire test -->
