<?xml version="1.0" encoding="UTF-8"?>
<!-- Generated by org.testng.reporters.JUnitXMLReporter -->
<testsuite ignored="1" hostname="LAPTOP-88OL1HSR" failures="0" tests="1" name="Error Validations test" time="3.386" errors="0" timestamp="2024-03-17T17:02:13 IST">
  <testcase classname="automation.Test.ErrorValidationsTest" name="loginErrorValidation" time="0.542"/>
  <testcase classname="automation.Test.ErrorValidationsTest" name="productErrorValidations" time="0.0">
    <ignored/>
  </testcase> <!-- productErrorValidations -->
</testsuite> <!-- Error Validations test -->
