<?xml version="1.0" encoding="UTF-8"?>
<testng-results ignored="0" total="6" passed="6" failed="0" skipped="0">
  <reporter-output>
  </reporter-output>
  <suite started-at="2024-03-17T17:17:47 IST" name="Surefire suite" finished-at="2024-03-17T17:18:24 IST" duration-ms="37281">
    <groups>
      <group name="ErrorHandling">
        <method signature="ErrorValidationsTest.loginErrorValidation()[pri:0, instance:automation.Test.ErrorValidationsTest@40e6dfe1]" name="loginErrorValidation" class="automation.Test.ErrorValidationsTest"/>
      </group> <!-- ErrorHandling -->
      <group name="Purchase">
        <method signature="SubmitOrderTest.submitOrder(java.util.HashMap)[pri:0, instance:automation.Test.SubmitOrderTest@3b938003]" name="submitOrder" class="automation.Test.SubmitOrderTest"/>
      </group> <!-- Purchase -->
      <group name="cucumber">
        <method signature="AbstractTestNGCucumberTests.runScenario(io.cucumber.testng.PickleWrapper,io.cucumber.testng.FeatureWrapper)[pri:0, instance:cucumber.TestNgTestRunner@6646153]" name="runScenario" class="io.cucumber.testng.AbstractTestNGCucumberTests"/>
      </group> <!-- cucumber -->
    </groups>
    <test started-at="2024-03-17T17:17:47 IST" name="Surefire test" finished-at="2024-03-17T17:18:24 IST" duration-ms="37281">
      <class name="automation.Test.SubmitOrderTest">
        <test-method is-config="true" signature="lauchApplication()[pri:0, instance:automation.Test.SubmitOrderTest@3b938003]" started-at="2024-03-17T17:17:58 IST" name="lauchApplication" finished-at="2024-03-17T17:18:02 IST" duration-ms="4250" status="PASS">
          <reporter-output>
          </reporter-output>
        </test-method> <!-- lauchApplication -->
        <test-method signature="submitOrder(java.util.HashMap)[pri:0, instance:automation.Test.SubmitOrderTest@3b938003]" started-at="2024-03-17T17:18:02 IST" name="submitOrder" data-provider="getData" finished-at="2024-03-17T17:18:05 IST" duration-ms="3273" status="PASS">
          <params>
            <param index="0">
              <value>
                <![CDATA[{password=Rahulshetty1, email=teju4321@gmail.com, productName=ADIDAS ORIGINAL}]]>
              </value>
            </param>
          </params>
          <reporter-output>
          </reporter-output>
        </test-method> <!-- submitOrder -->
        <test-method is-config="true" signature="tearDown()[pri:0, instance:automation.Test.SubmitOrderTest@3b938003]" started-at="2024-03-17T17:18:05 IST" name="tearDown" finished-at="2024-03-17T17:18:06 IST" duration-ms="194" status="PASS">
          <reporter-output>
          </reporter-output>
        </test-method> <!-- tearDown -->
        <test-method is-config="true" signature="lauchApplication()[pri:0, instance:automation.Test.SubmitOrderTest@3b938003]" started-at="2024-03-17T17:18:06 IST" name="lauchApplication" finished-at="2024-03-17T17:18:11 IST" duration-ms="5213" status="PASS">
          <reporter-output>
          </reporter-output>
        </test-method> <!-- lauchApplication -->
        <test-method signature="submitOrder(java.util.HashMap)[pri:0, instance:automation.Test.SubmitOrderTest@3b938003]" started-at="2024-03-17T17:18:11 IST" name="submitOrder" data-provider="getData" finished-at="2024-03-17T17:18:14 IST" duration-ms="3214" status="PASS">
          <params>
            <param index="0">
              <value>
                <![CDATA[{password=Abcd@1234, email=fgst@gmail.com, productName=ZARA COAT 3}]]>
              </value>
            </param>
          </params>
          <reporter-output>
          </reporter-output>
        </test-method> <!-- submitOrder -->
        <test-method is-config="true" signature="tearDown()[pri:0, instance:automation.Test.SubmitOrderTest@3b938003]" started-at="2024-03-17T17:18:14 IST" name="tearDown" finished-at="2024-03-17T17:18:14 IST" duration-ms="223" status="PASS">
          <reporter-output>
          </reporter-output>
        </test-method> <!-- tearDown -->
        <test-method is-config="true" signature="lauchApplication()[pri:0, instance:automation.Test.SubmitOrderTest@3b938003]" started-at="2024-03-17T17:18:14 IST" name="lauchApplication" finished-at="2024-03-17T17:18:18 IST" duration-ms="3650" status="PASS">
          <reporter-output>
          </reporter-output>
        </test-method> <!-- lauchApplication -->
        <test-method signature="orderHistoryTest()[pri:0, instance:automation.Test.SubmitOrderTest@3b938003]" started-at="2024-03-17T17:18:18 IST" name="orderHistoryTest" finished-at="2024-03-17T17:18:19 IST" depends-on-methods="automation.Test.SubmitOrderTest.submitOrder" duration-ms="855" status="PASS">
          <reporter-output>
          </reporter-output>
        </test-method> <!-- orderHistoryTest -->
        <test-method is-config="true" signature="tearDown()[pri:0, instance:automation.Test.SubmitOrderTest@3b938003]" started-at="2024-03-17T17:18:19 IST" name="tearDown" finished-at="2024-03-17T17:18:19 IST" duration-ms="157" status="PASS">
          <reporter-output>
          </reporter-output>
        </test-method> <!-- tearDown -->
      </class> <!-- automation.Test.SubmitOrderTest -->
      <class name="cucumber.TestNgTestRunner">
        <test-method is-config="true" signature="setUpClass(org.testng.ITestContext)[pri:0, instance:cucumber.TestNgTestRunner@6646153]" started-at="2024-03-17T17:18:19 IST" name="setUpClass" finished-at="2024-03-17T17:18:20 IST" duration-ms="888" status="PASS">
          <params>
            <param index="0">
              <value>
                <![CDATA[org.testng.TestRunner@45d56062]]>
              </value>
            </param>
          </params>
          <reporter-output>
          </reporter-output>
        </test-method> <!-- setUpClass -->
        <test-method signature="runScenario(io.cucumber.testng.PickleWrapper,io.cucumber.testng.FeatureWrapper)[pri:0, instance:cucumber.TestNgTestRunner@6646153]" started-at="2024-03-17T17:18:20 IST" name="runScenario" description="Runs Cucumber Scenarios" data-provider="scenarios" finished-at="2024-03-17T17:18:24 IST" duration-ms="4297" status="PASS">
          <params>
            <param index="0">
              <value>
                <![CDATA["Checking login validations"]]>
              </value>
            </param>
            <param index="1">
              <value>
                <![CDATA["Login validations"]]>
              </value>
            </param>
          </params>
          <reporter-output>
          </reporter-output>
        </test-method> <!-- runScenario -->
        <test-method is-config="true" signature="tearDownClass()[pri:0, instance:cucumber.TestNgTestRunner@6646153]" started-at="2024-03-17T17:18:24 IST" name="tearDownClass" finished-at="2024-03-17T17:18:24 IST" duration-ms="50" status="PASS">
          <reporter-output>
          </reporter-output>
        </test-method> <!-- tearDownClass -->
      </class> <!-- cucumber.TestNgTestRunner -->
      <class name="automation.Test.ErrorValidationsTest">
        <test-method is-config="true" signature="lauchApplication()[pri:0, instance:automation.Test.ErrorValidationsTest@40e6dfe1]" started-at="2024-03-17T17:17:47 IST" name="lauchApplication" finished-at="2024-03-17T17:17:52 IST" duration-ms="4978" status="PASS">
          <reporter-output>
          </reporter-output>
        </test-method> <!-- lauchApplication -->
        <test-method signature="loginErrorValidation()[pri:0, instance:automation.Test.ErrorValidationsTest@40e6dfe1]" started-at="2024-03-17T17:17:52 IST" name="loginErrorValidation" finished-at="2024-03-17T17:17:52 IST" duration-ms="444" status="PASS">
          <reporter-output>
          </reporter-output>
        </test-method> <!-- loginErrorValidation -->
        <test-method is-config="true" signature="tearDown()[pri:0, instance:automation.Test.ErrorValidationsTest@40e6dfe1]" started-at="2024-03-17T17:17:52 IST" name="tearDown" finished-at="2024-03-17T17:17:53 IST" duration-ms="208" status="PASS">
          <reporter-output>
          </reporter-output>
        </test-method> <!-- tearDown -->
        <test-method is-config="true" signature="lauchApplication()[pri:0, instance:automation.Test.ErrorValidationsTest@40e6dfe1]" started-at="2024-03-17T17:17:53 IST" name="lauchApplication" finished-at="2024-03-17T17:17:55 IST" duration-ms="2506" status="PASS">
          <reporter-output>
          </reporter-output>
        </test-method> <!-- lauchApplication -->
        <test-method signature="productErrorValidations()[pri:0, instance:automation.Test.ErrorValidationsTest@40e6dfe1]" started-at="2024-03-17T17:17:55 IST" name="productErrorValidations" finished-at="2024-03-17T17:17:57 IST" duration-ms="2139" status="PASS">
          <reporter-output>
          </reporter-output>
        </test-method> <!-- productErrorValidations -->
        <test-method is-config="true" signature="tearDown()[pri:0, instance:automation.Test.ErrorValidationsTest@40e6dfe1]" started-at="2024-03-17T17:17:57 IST" name="tearDown" finished-at="2024-03-17T17:17:57 IST" duration-ms="204" status="PASS">
          <reporter-output>
          </reporter-output>
        </test-method> <!-- tearDown -->
      </class> <!-- automation.Test.ErrorValidationsTest -->
    </test> <!-- Surefire test -->
  </suite> <!-- Surefire suite -->
</testng-results>
