<?xml version="1.0" encoding="UTF-8"?>
<testsuite xmlns:xsi="http://www.w3.org/2001/XMLSchema-instance" xsi:noNamespaceSchemaLocation="https://maven.apache.org/surefire/maven-surefire-plugin/xsd/surefire-test-report.xsd" name="TestSuite" time="37.901" tests="6" errors="0" skipped="0" failures="0">
  <properties>
[...]
</properties>
  <testcase name="loginErrorValidation" classname="automation.Test.ErrorValidationsTest" time="0.447"/>
  <testcase name="productErrorValidations" classname="automation.Test.ErrorValidationsTest" time="2.139"/>
  <testcase name="submitOrder" classname="automation.Test.SubmitOrderTest" time="3.274"/>
  <testcase name="submitOrder" classname="automation.Test.SubmitOrderTest" time="3.214"/>
  <testcase name="orderHistoryTest" classname="automation.Test.SubmitOrderTest" time="0.856"/>
  <testcase name="runScenario" classname="cucumber.TestNgTestRunner" time="4.298"/>
</testsuite>